SF:lib\blemessages.dart
DA:96,3
DA:98,0
DA:99,0
DA:100,0
DA:101,0
DA:102,0
DA:104,0
DA:107,0
DA:108,0
DA:109,0
DA:110,0
DA:112,0
DA:117,0
DA:118,0
DA:120,0
DA:124,0
DA:125,0
DA:126,0
DA:127,0
DA:128,0
DA:131,0
DA:132,0
DA:133,0
DA:134,0
DA:135,0
DA:137,0
DA:140,0
DA:141,0
DA:142,0
DA:143,0
DA:147,0
DA:149,0
DA:154,0
DA:156,0
DA:157,0
DA:160,0
DA:161,0
DA:163,0
DA:164,0
DA:172,0
DA:173,0
DA:175,0
DA:176,0
DA:177,0
DA:178,0
DA:180,0
DA:181,0
DA:182,0
DA:184,0
DA:185,0
DA:186,0
DA:188,0
DA:189,0
DA:190,0
DA:192,0
DA:193,0
DA:194,0
DA:196,0
DA:197,0
DA:198,0
DA:200,0
DA:201,0
DA:202,0
DA:204,0
DA:205,0
DA:206,0
DA:208,0
DA:209,0
DA:210,0
DA:212,0
DA:213,0
DA:214,0
DA:217,0
DA:222,0
DA:223,0
DA:225,0
DA:226,0
DA:228,0
DA:229,0
DA:232,0
DA:293,0
DA:294,0
DA:295,0
DA:296,0
DA:298,0
DA:301,0
DA:303,0
DA:307,0
DA:308,0
DA:312,0
DA:314,0
DA:315,0
DA:316,0
DA:317,0
DA:319,0
DA:320,0
DA:324,0
DA:325,0
DA:326,0
DA:327,0
DA:329,0
DA:332,0
DA:334,0
DA:338,0
DA:339,0
DA:343,0
DA:344,0
DA:345,0
DA:346,0
DA:347,0
DA:348,0
DA:350,0
DA:351,0
DA:355,0
DA:356,0
DA:357,0
DA:358,0
DA:360,0
DA:363,0
DA:365,0
DA:368,0
DA:369,0
DA:376,0
DA:377,0
DA:378,0
DA:379,0
DA:380,0
DA:381,0
DA:382,0
DA:383,0
DA:384,0
DA:385,0
DA:387,0
DA:388,0
DA:389,0
DA:390,0
DA:391,0
DA:392,0
DA:393,0
DA:396,0
DA:397,0
DA:398,0
DA:402,0
DA:410,0
DA:411,0
DA:416,0
DA:417,0
DA:418,0
DA:419,0
DA:421,0
DA:424,0
DA:426,0
DA:429,0
DA:430,0
DA:436,0
DA:437,0
DA:438,0
DA:439,0
DA:440,0
DA:441,0
DA:443,0
DA:444,0
DA:448,0
DA:449,0
DA:450,0
DA:451,0
DA:453,0
DA:456,0
DA:458,0
DA:461,0
DA:462,0
DA:466,0
DA:467,0
DA:468,0
DA:469,0
DA:470,0
DA:471,0
DA:473,0
DA:474,0
DA:475,0
DA:476,0
DA:477,0
DA:478,0
DA:479,0
DA:480,0
DA:481,0
DA:484,0
DA:485,0
DA:486,0
DA:490,0
DA:496,0
DA:497,0
DA:498,0
DA:501,0
DA:502,0
DA:506,0
DA:509,0
DA:510,0
DA:512,0
DA:514,0
DA:517,0
DA:519,0
DA:523,0
DA:524,0
DA:528,0
DA:530,0
DA:531,0
DA:533,0
DA:534,0
DA:535,0
DA:536,0
DA:537,0
DA:538,0
DA:541,0
DA:543,0
DA:544,0
DA:548,0
DA:549,0
DA:550,0
DA:551,0
DA:553,0
DA:556,0
DA:558,0
DA:562,0
DA:563,0
DA:567,0
DA:569,0
DA:570,0
DA:574,0
DA:575,0
DA:576,0
DA:577,0
DA:579,0
DA:582,0
DA:584,0
DA:588,0
DA:589,0
DA:593,0
DA:595,0
DA:596,0
DA:600,0
DA:601,0
DA:602,0
DA:603,0
DA:605,0
DA:608,0
DA:610,0
DA:614,0
DA:615,0
DA:619,0
DA:621,0
DA:622,0
DA:626,1
DA:628,1
DA:631,1
DA:632,1
DA:633,1
DA:634,2
DA:635,2
DA:636,3
DA:637,2
DA:638,2
DA:639,1
DA:640,3
DA:642,1
DA:643,1
DA:644,3
DA:647,2
DA:654,1
DA:656,1
DA:660,5
DA:661,1
DA:662,1
DA:663,1
DA:665,1
DA:667,2
DA:668,2
DA:670,1
DA:672,1
DA:674,2
DA:675,2
DA:677,2
DA:678,2
DA:681,2
DA:682,2
DA:689,2
DA:690,2
DA:692,1
DA:693,3
DA:695,1
DA:696,1
DA:697,3
DA:700,2
DA:704,1
DA:706,1
DA:711,1
DA:712,1
DA:713,1
DA:714,2
DA:715,2
DA:716,1
DA:717,2
DA:718,2
DA:719,2
DA:720,2
DA:723,2
DA:724,2
DA:727,2
DA:728,2
DA:729,1
DA:730,3
DA:733,1
DA:734,1
DA:735,3
DA:738,2
DA:742,1
DA:744,1
DA:747,1
DA:748,1
DA:749,1
DA:750,2
DA:751,2
DA:752,1
DA:755,2
DA:756,2
DA:759,2
DA:760,2
DA:761,1
DA:762,3
DA:765,1
DA:766,1
DA:767,3
DA:770,2
DA:774,1
DA:776,1
DA:780,1
DA:781,1
DA:782,1
DA:783,2
DA:784,2
DA:785,2
DA:786,2
DA:789,2
DA:790,2
DA:793,2
DA:794,2
DA:795,1
DA:796,3
DA:799,1
DA:800,1
DA:801,3
DA:804,2
DA:808,1
DA:810,2
DA:811,1
DA:814,1
DA:815,1
DA:816,1
DA:818,1
DA:819,2
DA:820,2
DA:821,3
DA:822,3
DA:823,3
DA:824,3
DA:825,3
DA:826,3
DA:829,2
DA:830,2
DA:834,2
DA:835,2
DA:837,1
DA:839,3
DA:841,1
DA:842,1
DA:843,3
DA:846,2
DA:850,1
DA:852,1
DA:855,1
DA:856,1
DA:857,1
DA:858,2
DA:859,2
DA:860,1
DA:863,2
DA:864,2
DA:867,2
DA:868,2
DA:869,1
DA:870,3
DA:873,1
DA:874,1
DA:875,3
DA:878,2
DA:882,1
DA:884,1
DA:887,1
DA:888,1
DA:889,1
DA:890,2
DA:891,2
DA:892,1
DA:895,2
DA:896,2
DA:899,2
DA:900,2
DA:901,1
DA:902,3
DA:905,1
DA:906,1
DA:907,3
DA:910,2
DA:914,1
DA:918,1
DA:919,2
DA:920,2
DA:921,2
DA:925,1
DA:926,1
DA:927,1
DA:928,2
DA:929,2
DA:930,3
DA:931,3
DA:932,3
DA:933,3
DA:934,3
DA:935,3
DA:937,3
DA:938,3
DA:939,3
DA:940,3
DA:941,3
DA:942,3
DA:945,2
DA:946,2
DA:949,2
DA:950,2
DA:951,1
DA:952,3
DA:955,1
DA:956,1
DA:957,3
DA:960,2
LF:445
LH:194
end_of_record
SF:lib\ble.dart
DA:14,3
DA:17,9
DA:62,4
DA:63,2
DA:64,4
DA:65,4
DA:66,4
DA:68,1
DA:69,1
DA:70,1
DA:73,0
DA:74,0
DA:75,0
DA:78,0
DA:79,0
DA:80,0
DA:83,0
DA:84,0
DA:85,0
DA:88,1
DA:89,1
DA:90,3
DA:91,1
DA:92,1
DA:93,1
DA:94,1
DA:95,1
DA:97,2
DA:98,2
DA:100,1
DA:102,1
DA:103,1
DA:104,1
DA:106,1
DA:107,1
DA:109,1
DA:110,1
DA:111,1
DA:112,1
DA:115,2
DA:117,2
DA:118,2
DA:119,2
DA:120,2
DA:122,2
DA:125,1
DA:126,1
DA:128,1
DA:131,1
DA:132,1
DA:133,1
DA:136,1
DA:137,1
DA:138,1
DA:141,0
DA:142,0
DA:143,0
DA:144,0
DA:146,0
DA:147,0
DA:158,0
DA:159,0
DA:164,0
DA:166,0
DA:169,0
DA:170,0
DA:171,0
DA:172,0
DA:174,0
DA:175,0
DA:176,0
DA:177,0
DA:178,0
DA:179,0
DA:182,0
DA:185,0
DA:186,0
DA:187,0
DA:189,0
DA:192,0
DA:193,0
DA:194,0
DA:195,0
DA:197,0
DA:198,0
DA:203,0
DA:204,0
DA:206,0
DA:207,0
DA:208,0
DA:217,0
DA:220,0
DA:222,0
DA:224,0
DA:225,0
DA:226,0
DA:227,0
DA:233,0
DA:234,0
DA:235,0
DA:237,0
DA:239,0
DA:240,0
DA:242,0
DA:243,0
DA:248,0
DA:249,0
DA:252,0
DA:253,0
DA:254,0
DA:256,0
DA:257,0
DA:258,0
DA:259,0
DA:260,0
DA:262,0
DA:265,0
DA:266,0
DA:268,0
DA:270,0
DA:273,0
DA:274,0
DA:275,0
DA:293,1
DA:295,1
DA:296,1
DA:301,1
DA:303,2
DA:304,1
DA:305,1
DA:306,1
DA:307,1
DA:315,1
DA:316,1
DA:317,1
DA:321,1
DA:325,1
DA:326,2
DA:327,1
DA:331,2
DA:332,1
DA:334,1
DA:336,1
DA:348,2
DA:350,1
DA:351,1
DA:364,1
DA:366,1
DA:367,2
DA:368,1
DA:369,1
DA:370,1
DA:378,1
DA:380,1
DA:382,1
DA:384,1
DA:385,1
DA:386,1
DA:388,1
DA:389,0
DA:390,0
DA:391,0
DA:395,1
DA:397,1
DA:398,1
DA:400,1
DA:401,1
DA:402,1
DA:405,3
DA:406,1
DA:407,2
DA:408,1
DA:409,4
DA:410,1
DA:411,1
DA:412,1
DA:413,1
DA:418,1
DA:419,1
DA:420,1
DA:421,1
DA:423,1
DA:425,0
DA:426,0
DA:428,0
DA:429,0
DA:432,0
DA:433,0
DA:434,0
DA:435,0
DA:436,0
DA:437,0
DA:438,0
DA:439,0
DA:440,0
DA:441,0
DA:444,0
DA:445,0
DA:446,0
DA:447,0
DA:452,1
DA:453,1
DA:455,1
DA:456,1
DA:457,1
DA:458,1
DA:459,1
DA:461,1
DA:469,1
DA:471,1
DA:473,1
DA:475,1
DA:476,1
DA:477,1
DA:479,1
DA:480,1
DA:481,2
DA:482,1
DA:486,1
DA:488,1
DA:489,1
DA:491,1
DA:492,1
DA:493,1
DA:496,2
DA:497,1
DA:498,2
DA:499,1
DA:500,3
DA:501,1
DA:502,1
DA:503,1
DA:504,1
DA:509,1
DA:510,1
DA:511,1
DA:512,1
DA:514,1
DA:516,0
DA:517,0
DA:518,0
DA:519,0
DA:522,0
DA:523,0
DA:524,0
DA:525,0
DA:526,0
DA:527,0
DA:528,0
DA:529,0
DA:530,0
DA:531,0
DA:534,0
DA:535,0
DA:536,0
DA:537,0
DA:541,1
DA:542,1
DA:543,1
DA:544,1
DA:545,1
DA:546,1
DA:548,1
DA:556,1
DA:558,1
DA:560,1
DA:562,1
DA:563,1
DA:564,1
DA:566,1
DA:567,1
DA:568,2
DA:569,1
DA:573,1
DA:575,1
DA:576,1
DA:578,1
DA:579,1
DA:582,1
DA:583,1
DA:584,1
DA:585,1
DA:586,2
DA:587,1
DA:588,4
DA:589,1
DA:590,1
DA:591,1
DA:592,1
DA:597,1
DA:598,1
DA:599,1
DA:600,1
DA:602,1
DA:604,0
DA:605,0
DA:606,0
DA:607,0
DA:610,0
DA:611,0
DA:612,0
DA:613,0
DA:614,0
DA:615,0
DA:616,0
DA:617,0
DA:618,0
DA:621,0
DA:622,0
DA:623,0
DA:624,0
DA:629,1
DA:630,1
DA:632,1
DA:633,1
DA:634,1
DA:635,1
DA:636,1
DA:638,1
DA:655,1
DA:686,0
DA:687,0
DA:688,0
DA:689,0
DA:690,0
DA:691,0
DA:692,0
DA:694,0
DA:698,1
DA:699,1
DA:700,1
DA:702,4
DA:703,2
DA:704,1
DA:705,1
DA:706,2
DA:707,1
DA:708,1
DA:709,2
DA:710,1
DA:712,1
DA:714,4
DA:715,2
DA:716,1
DA:717,1
DA:718,2
DA:719,1
DA:720,2
DA:721,1
DA:722,2
DA:723,1
DA:725,1
DA:726,3
DA:727,2
DA:728,2
DA:729,1
DA:730,1
DA:731,1
DA:783,0
DA:784,0
DA:789,0
DA:791,0
DA:792,0
DA:794,0
DA:795,0
DA:797,0
DA:799,0
DA:801,0
DA:803,0
DA:804,0
DA:805,0
DA:807,0
DA:808,0
DA:809,0
DA:813,0
DA:814,0
DA:823,0
DA:824,0
DA:825,0
DA:827,0
DA:832,0
DA:833,0
DA:837,0
DA:839,0
DA:840,0
DA:841,0
DA:842,0
DA:843,0
DA:845,0
DA:847,0
DA:852,0
DA:854,0
DA:859,0
DA:860,0
DA:868,0
DA:869,0
DA:870,0
DA:871,0
DA:873,0
DA:874,0
DA:875,0
DA:876,0
DA:877,0
DA:878,0
DA:880,0
DA:884,0
DA:900,1
DA:907,1
DA:923,1
DA:924,2
DA:925,2
DA:926,6
DA:927,1
DA:928,3
DA:929,2
DA:930,2
DA:931,2
DA:933,1
DA:971,0
DA:972,0
DA:982,0
DA:992,0
DA:993,0
DA:994,0
DA:995,0
DA:996,0
DA:997,0
DA:999,0
DA:1002,0
DA:1004,0
DA:1005,0
DA:1008,0
DA:1010,0
DA:1011,0
DA:1012,0
DA:1014,0
DA:1024,0
DA:1025,0
DA:1026,0
DA:1027,0
DA:1030,0
DA:1032,0
DA:1033,0
DA:1034,0
DA:1035,0
DA:1036,0
DA:1037,0
DA:1038,0
DA:1039,0
DA:1040,0
DA:1041,0
DA:1042,0
DA:1045,0
DA:1046,0
DA:1047,0
DA:1051,0
DA:1053,0
DA:1055,0
DA:1057,0
DA:1058,0
DA:1059,0
DA:1060,0
DA:1061,0
DA:1062,0
DA:1063,0
DA:1064,0
DA:1065,0
DA:1066,0
DA:1067,0
DA:1070,0
DA:1071,0
DA:1072,0
DA:1076,0
DA:1078,0
DA:1080,0
DA:1082,0
DA:1083,0
DA:1084,0
DA:1086,0
DA:1087,0
DA:1088,0
DA:1089,0
DA:1092,0
DA:1093,0
DA:1094,0
DA:1098,0
DA:1100,0
DA:1102,0
DA:1105,0
DA:1108,0
DA:1110,0
DA:1111,0
DA:1113,0
DA:1114,0
DA:1116,0
DA:1120,0
DA:1124,0
DA:1125,0
DA:1126,0
DA:1128,0
DA:1129,0
DA:1130,0
DA:1131,0
DA:1132,0
DA:1133,0
DA:1134,0
DA:1137,0
DA:1144,0
DA:1146,0
DA:1152,0
DA:1153,0
DA:1154,0
DA:1156,0
DA:1157,0
DA:1160,0
DA:1163,0
DA:1165,0
DA:1166,0
DA:1167,0
DA:1168,0
DA:1169,0
DA:1170,0
DA:1176,0
DA:1179,0
DA:1181,0
DA:1182,0
DA:1183,0
DA:1184,0
DA:1185,0
DA:1186,0
DA:1187,0
DA:1188,0
DA:1191,0
DA:1193,0
DA:1195,0
DA:1201,0
DA:1202,0
DA:1203,0
DA:1204,0
DA:1205,0
DA:1208,0
DA:1210,0
DA:1213,0
DA:1217,0
DA:1218,0
DA:1219,0
DA:1221,0
DA:1223,0
DA:1225,0
DA:1227,0
DA:1228,0
DA:1229,0
DA:1230,0
DA:1231,0
DA:1233,0
DA:1235,0
DA:1236,0
DA:1239,0
DA:1240,0
DA:1251,0
DA:1254,0
DA:1255,0
DA:1256,0
DA:1259,0
DA:1260,0
DA:1261,0
DA:1271,0
DA:1273,0
DA:1275,0
DA:1277,0
DA:1278,0
DA:1280,0
DA:1282,0
DA:1283,0
DA:1284,0
DA:1286,0
DA:1288,0
DA:1291,0
DA:1292,0
DA:1293,0
DA:1294,0
DA:1296,0
DA:1297,0
DA:1298,0
DA:1299,0
DA:1301,0
DA:1302,0
DA:1303,0
DA:1312,0
DA:1314,0
DA:1315,0
DA:1317,0
DA:1322,0
DA:1323,0
DA:1328,0
DA:1329,0
DA:1330,0
DA:1333,0
DA:1334,0
DA:1336,0
DA:1337,0
DA:1338,0
DA:1342,0
DA:1345,0
DA:1356,0
DA:1358,0
DA:1359,0
DA:1361,0
DA:1362,0
DA:1364,0
DA:1369,0
DA:1370,0
DA:1371,0
DA:1373,0
DA:1382,0
DA:1384,0
DA:1385,0
DA:1387,0
DA:1392,0
DA:1393,0
DA:1394,0
DA:1396,0
DA:1409,0
DA:1411,0
DA:1412,0
DA:1414,0
DA:1415,0
DA:1417,0
DA:1422,0
DA:1423,0
DA:1424,0
DA:1426,0
DA:1436,0
DA:1438,0
DA:1439,0
DA:1441,0
DA:1446,0
DA:1447,0
DA:1448,0
DA:1450,0
DA:1459,0
DA:1468,0
DA:1469,0
DA:1470,0
DA:1471,0
DA:1473,0
DA:1474,0
DA:1475,0
DA:1476,0
DA:1477,0
DA:1493,0
DA:1494,0
DA:1495,0
DA:1498,0
DA:1500,0
DA:1509,0
DA:1510,0
DA:1511,0
DA:1518,0
DA:1519,0
DA:1520,0
DA:1521,0
DA:1524,0
DA:1525,0
DA:1526,0
DA:1529,0
DA:1531,0
LF:667
LH:228
end_of_record
SF:lib\main.dart
DA:11,3
DA:13,0
DA:14,0
DA:15,0
DA:16,0
DA:17,0
DA:18,0
DA:20,0
DA:26,0
DA:44,0
DA:46,0
DA:49,0
DA:51,0
DA:53,0
DA:68,0
DA:70,0
DA:72,0
DA:75,0
DA:76,0
DA:79,2
DA:80,4
DA:81,4
DA:82,2
DA:83,4
DA:84,6
DA:85,8
DA:87,6
DA:89,1
DA:92,2
DA:95,0
DA:96,0
DA:97,0
DA:100,0
DA:101,0
DA:102,0
DA:105,0
DA:106,0
DA:107,0
DA:110,1
DA:111,2
DA:112,1
DA:115,0
DA:116,0
DA:117,0
DA:118,0
DA:125,1
DA:127,1
DA:128,1
DA:132,1
DA:134,1
DA:135,1
DA:137,1
DA:138,1
DA:139,1
DA:142,1
DA:143,1
DA:144,1
DA:146,1
DA:147,1
DA:152,1
DA:153,1
DA:157,1
DA:158,1
DA:159,1
DA:160,1
DA:161,1
DA:162,1
DA:165,1
DA:166,1
DA:172,1
DA:174,1
DA:180,1
DA:181,1
DA:182,1
DA:183,1
DA:189,1
DA:192,1
DA:199,1
DA:202,1
DA:203,1
DA:205,1
DA:216,1
DA:218,1
DA:219,1
DA:221,1
DA:222,2
DA:223,1
DA:224,0
DA:225,1
DA:228,1
DA:234,1
DA:236,1
DA:237,2
DA:238,1
DA:239,0
DA:240,0
DA:241,0
DA:243,1
DA:246,1
DA:255,1
DA:258,1
DA:260,1
DA:261,2
DA:262,1
DA:263,1
DA:264,1
DA:266,1
DA:269,1
DA:274,1
DA:277,1
DA:278,1
DA:281,1
DA:283,1
DA:287,1
DA:296,1
DA:298,0
DA:299,0
DA:301,0
DA:303,0
DA:312,1
DA:323,1
DA:324,1
DA:328,1
DA:330,1
DA:331,1
DA:333,1
DA:334,1
DA:335,1
DA:337,1
DA:340,0
DA:343,0
DA:345,0
DA:346,0
DA:347,0
DA:350,0
DA:351,0
DA:352,0
DA:353,0
DA:354,0
DA:358,0
DA:362,0
DA:363,0
DA:364,0
DA:367,0
DA:368,0
DA:369,0
DA:373,0
DA:374,0
DA:375,0
DA:382,1
DA:384,1
DA:388,1
DA:390,1
DA:391,1
DA:392,1
DA:393,1
DA:394,1
DA:395,1
DA:399,1
DA:400,1
DA:402,0
DA:403,0
DA:405,0
DA:414,0
DA:415,0
DA:418,0
DA:419,0
DA:420,0
DA:421,0
DA:422,0
DA:424,0
DA:425,0
DA:427,0
DA:428,0
DA:437,1
DA:438,1
DA:439,2
DA:440,1
DA:441,0
DA:442,0
DA:443,0
DA:444,0
DA:446,0
DA:449,0
DA:452,0
DA:454,0
DA:455,0
DA:456,0
DA:457,0
DA:458,0
DA:460,0
DA:463,0
DA:466,0
DA:467,0
DA:468,0
DA:469,0
DA:471,0
DA:472,0
DA:474,0
DA:475,0
DA:477,0
DA:478,0
DA:479,0
DA:480,0
DA:482,0
DA:485,0
DA:486,0
DA:487,0
DA:488,0
DA:493,0
DA:494,0
DA:496,0
DA:497,0
DA:501,1
DA:502,1
DA:503,1
DA:504,2
DA:505,1
DA:506,3
DA:507,1
DA:508,2
DA:509,1
DA:511,1
DA:512,2
DA:513,1
DA:514,1
DA:515,2
DA:516,0
DA:517,0
DA:520,2
DA:521,0
DA:522,0
DA:525,1
DA:527,1
DA:530,1
DA:536,1
DA:550,2
DA:552,1
DA:553,1
DA:558,1
DA:559,2
DA:561,1
DA:562,0
DA:563,0
DA:564,0
DA:566,0
DA:567,0
DA:569,0
DA:574,0
DA:575,0
DA:576,0
DA:577,0
DA:587,1
DA:588,1
DA:589,1
DA:592,3
DA:595,1
DA:599,0
DA:600,0
DA:601,0
DA:602,0
DA:604,0
DA:612,1
DA:614,1
DA:616,1
DA:617,1
DA:618,1
DA:619,1
DA:620,1
DA:621,1
LF:270
LH:143
end_of_record
